{"/home/matheus/Projects/beat-the-bet-backend/src/app.ts": {"path":"/home/matheus/Projects/beat-the-bet-backend/src/app.ts","statementMap":{"0":{"start":{"line":1,"column":0},"end":{"line":1,"column":30}},"1":{"start":{"line":2,"column":0},"end":{"line":2,"column":30}},"2":{"start":{"line":3,"column":0},"end":{"line":3,"column":24}},"3":{"start":{"line":4,"column":0},"end":{"line":4,"column":48}},"4":{"start":{"line":5,"column":0},"end":{"line":5,"column":69}},"5":{"start":{"line":7,"column":12},"end":{"line":7,"column":21}},"6":{"start":{"line":9,"column":0},"end":{"line":16,"column":31}},"7":{"start":{"line":15,"column":33},"end":{"line":15,"column":47}},"8":{"start":{"line":18,"column":0},"end":{"line":18,"column":19}}},"fnMap":{"0":{"name":"(anonymous_1)","decl":{"start":{"line":15,"column":18},"end":{"line":15,"column":19}},"loc":{"start":{"line":15,"column":33},"end":{"line":15,"column":47}}}},"branchMap":{},"s":{"0":4,"1":4,"2":4,"3":4,"4":4,"5":4,"6":4,"7":1,"8":4},"f":{"0":1},"b":{}}
,"/home/matheus/Projects/beat-the-bet-backend/src/index.ts": {"path":"/home/matheus/Projects/beat-the-bet-backend/src/index.ts","statementMap":{"0":{"start":{"line":1,"column":0},"end":{"line":1,"column":24}},"1":{"start":{"line":3,"column":13},"end":{"line":3,"column":37}},"2":{"start":{"line":4,"column":0},"end":{"line":4,"column":67}},"3":{"start":{"line":4,"column":23},"end":{"line":4,"column":65}}},"fnMap":{"0":{"name":"(anonymous_1)","decl":{"start":{"line":4,"column":17},"end":{"line":4,"column":20}},"loc":{"start":{"line":4,"column":23},"end":{"line":4,"column":65}}}},"branchMap":{"0":{"loc":{"start":{"line":3,"column":13},"end":{"line":3,"column":37}},"type":"binary-expr","locations":[{"start":{"line":3,"column":13},"end":{"line":3,"column":29}},{"start":{"line":3,"column":33},"end":{"line":3,"column":37}}]}},"s":{"0":0,"1":0,"2":0,"3":0},"f":{"0":0},"b":{"0":[0,0]}}
,"/home/matheus/Projects/beat-the-bet-backend/src/controllers/bet.controller.ts": {"path":"/home/matheus/Projects/beat-the-bet-backend/src/controllers/bet.controller.ts","statementMap":{"0":{"start":{"line":3,"column":0},"end":{"line":3,"column":40}},"1":{"start":{"line":4,"column":0},"end":{"line":4,"column":43}},"2":{"start":{"line":7,"column":14},"end":{"line":7,"column":38}},"3":{"start":{"line":8,"column":2},"end":{"line":8,"column":68}},"4":{"start":{"line":11,"column":13},"end":{"line":11,"column":40}}},"fnMap":{"0":{"name":"create","decl":{"start":{"line":6,"column":15},"end":{"line":6,"column":21}},"loc":{"start":{"line":6,"column":49},"end":{"line":9,"column":1}}}},"branchMap":{},"s":{"0":4,"1":4,"2":5,"3":5,"4":4},"f":{"0":5},"b":{}}
,"/home/matheus/Projects/beat-the-bet-backend/src/controllers/game.controller.ts": {"path":"/home/matheus/Projects/beat-the-bet-backend/src/controllers/game.controller.ts","statementMap":{"0":{"start":{"line":3,"column":0},"end":{"line":3,"column":41}},"1":{"start":{"line":4,"column":0},"end":{"line":4,"column":57}},"2":{"start":{"line":5,"column":0},"end":{"line":5,"column":43}},"3":{"start":{"line":8,"column":15},"end":{"line":8,"column":40}},"4":{"start":{"line":9,"column":2},"end":{"line":9,"column":70}},"5":{"start":{"line":13,"column":2},"end":{"line":13,"column":40}},"6":{"start":{"line":17,"column":13},"end":{"line":17,"column":49}},"7":{"start":{"line":18,"column":2},"end":{"line":18,"column":50}},"8":{"start":{"line":22,"column":13},"end":{"line":22,"column":49}},"9":{"start":{"line":23,"column":15},"end":{"line":23,"column":40}},"10":{"start":{"line":24,"column":2},"end":{"line":24,"column":79}},"11":{"start":{"line":27,"column":13},"end":{"line":27,"column":72}}},"fnMap":{"0":{"name":"create","decl":{"start":{"line":7,"column":15},"end":{"line":7,"column":21}},"loc":{"start":{"line":7,"column":49},"end":{"line":10,"column":1}}},"1":{"name":"findAll","decl":{"start":{"line":12,"column":15},"end":{"line":12,"column":22}},"loc":{"start":{"line":12,"column":51},"end":{"line":14,"column":1}}},"2":{"name":"findById","decl":{"start":{"line":16,"column":15},"end":{"line":16,"column":23}},"loc":{"start":{"line":16,"column":51},"end":{"line":19,"column":1}}},"3":{"name":"finishGame","decl":{"start":{"line":21,"column":15},"end":{"line":21,"column":25}},"loc":{"start":{"line":21,"column":53},"end":{"line":25,"column":1}}}},"branchMap":{},"s":{"0":4,"1":4,"2":4,"3":1,"4":1,"5":1,"6":2,"7":2,"8":3,"9":3,"10":3,"11":4},"f":{"0":1,"1":1,"2":2,"3":3},"b":{}}
,"/home/matheus/Projects/beat-the-bet-backend/src/controllers/index.ts": {"path":"/home/matheus/Projects/beat-the-bet-backend/src/controllers/index.ts","statementMap":{"0":{"start":{"line":1,"column":0},"end":{"line":1,"column":33}},"1":{"start":{"line":2,"column":0},"end":{"line":2,"column":34}},"2":{"start":{"line":3,"column":0},"end":{"line":3,"column":41}}},"fnMap":{},"branchMap":{},"s":{"0":4,"1":4,"2":4},"f":{},"b":{}}
,"/home/matheus/Projects/beat-the-bet-backend/src/controllers/participant.controller.ts": {"path":"/home/matheus/Projects/beat-the-bet-backend/src/controllers/participant.controller.ts","statementMap":{"0":{"start":{"line":3,"column":0},"end":{"line":3,"column":48}},"1":{"start":{"line":4,"column":0},"end":{"line":4,"column":43}},"2":{"start":{"line":7,"column":22},"end":{"line":7,"column":54}},"3":{"start":{"line":8,"column":2},"end":{"line":10,"column":56}},"4":{"start":{"line":14,"column":2},"end":{"line":14,"column":47}},"5":{"start":{"line":17,"column":13},"end":{"line":17,"column":57}}},"fnMap":{"0":{"name":"create","decl":{"start":{"line":6,"column":15},"end":{"line":6,"column":21}},"loc":{"start":{"line":6,"column":49},"end":{"line":11,"column":1}}},"1":{"name":"findAll","decl":{"start":{"line":13,"column":15},"end":{"line":13,"column":22}},"loc":{"start":{"line":13,"column":51},"end":{"line":15,"column":1}}}},"branchMap":{},"s":{"0":4,"1":4,"2":2,"3":2,"4":1,"5":4},"f":{"0":2,"1":1},"b":{}}
,"/home/matheus/Projects/beat-the-bet-backend/src/db/index.ts": {"path":"/home/matheus/Projects/beat-the-bet-backend/src/db/index.ts","statementMap":{"0":{"start":{"line":1,"column":0},"end":{"line":1,"column":46}},"1":{"start":{"line":3,"column":13},"end":{"line":3,"column":41}}},"fnMap":{},"branchMap":{},"s":{"0":4,"1":4},"f":{},"b":{}}
,"/home/matheus/Projects/beat-the-bet-backend/src/dtos/bet.dto.ts": {"path":"/home/matheus/Projects/beat-the-bet-backend/src/dtos/bet.dto.ts","statementMap":{"0":{"start":{"line":2,"column":0},"end":{"line":2,"column":22}},"1":{"start":{"line":17,"column":13},"end":{"line":23,"column":3}}},"fnMap":{},"branchMap":{},"s":{"0":4,"1":4},"f":{},"b":{}}
,"/home/matheus/Projects/beat-the-bet-backend/src/dtos/game.dto.ts": {"path":"/home/matheus/Projects/beat-the-bet-backend/src/dtos/game.dto.ts","statementMap":{"0":{"start":{"line":1,"column":0},"end":{"line":1,"column":22}},"1":{"start":{"line":8,"column":13},"end":{"line":11,"column":3}},"2":{"start":{"line":18,"column":13},"end":{"line":21,"column":3}}},"fnMap":{},"branchMap":{},"s":{"0":4,"1":4,"2":4},"f":{},"b":{}}
,"/home/matheus/Projects/beat-the-bet-backend/src/dtos/index.ts": {"path":"/home/matheus/Projects/beat-the-bet-backend/src/dtos/index.ts","statementMap":{"0":{"start":{"line":1,"column":0},"end":{"line":1,"column":34}},"1":{"start":{"line":2,"column":0},"end":{"line":2,"column":27}},"2":{"start":{"line":3,"column":0},"end":{"line":3,"column":26}}},"fnMap":{},"branchMap":{},"s":{"0":4,"1":4,"2":4},"f":{},"b":{}}
,"/home/matheus/Projects/beat-the-bet-backend/src/dtos/participant.dto.ts": {"path":"/home/matheus/Projects/beat-the-bet-backend/src/dtos/participant.dto.ts","statementMap":{"0":{"start":{"line":1,"column":0},"end":{"line":1,"column":22}},"1":{"start":{"line":10,"column":13},"end":{"line":13,"column":3}}},"fnMap":{},"branchMap":{},"s":{"0":4,"1":4},"f":{},"b":{}}
,"/home/matheus/Projects/beat-the-bet-backend/src/errors/custom.errors.ts": {"path":"/home/matheus/Projects/beat-the-bet-backend/src/errors/custom.errors.ts","statementMap":{"0":{"start":{"line":1,"column":0},"end":{"line":1,"column":43}},"1":{"start":{"line":17,"column":4},"end":{"line":17,"column":32}},"2":{"start":{"line":18,"column":4},"end":{"line":18,"column":57}},"3":{"start":{"line":19,"column":4},"end":{"line":19,"column":33}},"4":{"start":{"line":11,"column":0},"end":{"line":11,"column":13}},"5":{"start":{"line":25,"column":4},"end":{"line":25,"column":53}},"6":{"start":{"line":23,"column":0},"end":{"line":23,"column":13}},"7":{"start":{"line":31,"column":4},"end":{"line":31,"column":64}},"8":{"start":{"line":29,"column":0},"end":{"line":29,"column":13}},"9":{"start":{"line":37,"column":4},"end":{"line":37,"column":53}},"10":{"start":{"line":35,"column":0},"end":{"line":35,"column":13}}},"fnMap":{"0":{"name":"(anonymous_1)","decl":{"start":{"line":16,"column":2},"end":{"line":16,"column":14}},"loc":{"start":{"line":16,"column":53},"end":{"line":20,"column":3}}},"1":{"name":"(anonymous_2)","decl":{"start":{"line":24,"column":2},"end":{"line":24,"column":14}},"loc":{"start":{"line":24,"column":44},"end":{"line":26,"column":3}}},"2":{"name":"(anonymous_3)","decl":{"start":{"line":30,"column":2},"end":{"line":30,"column":14}},"loc":{"start":{"line":30,"column":44},"end":{"line":32,"column":3}}},"3":{"name":"(anonymous_4)","decl":{"start":{"line":36,"column":2},"end":{"line":36,"column":14}},"loc":{"start":{"line":36,"column":44},"end":{"line":38,"column":3}}}},"branchMap":{"0":{"loc":{"start":{"line":17,"column":18},"end":{"line":17,"column":31}},"type":"binary-expr","locations":[{"start":{"line":17,"column":18},"end":{"line":17,"column":24}},{"start":{"line":17,"column":28},"end":{"line":17,"column":31}}]},"1":{"loc":{"start":{"line":19,"column":19},"end":{"line":19,"column":32}},"type":"binary-expr","locations":[{"start":{"line":19,"column":19},"end":{"line":19,"column":26}},{"start":{"line":19,"column":30},"end":{"line":19,"column":32}}]}},"s":{"0":4,"1":11,"2":11,"3":11,"4":4,"5":4,"6":4,"7":3,"8":4,"9":4,"10":4},"f":{"0":11,"1":4,"2":3,"3":4},"b":{"0":[11,0],"1":[11,8]}}
,"/home/matheus/Projects/beat-the-bet-backend/src/errors/index.ts": {"path":"/home/matheus/Projects/beat-the-bet-backend/src/errors/index.ts","statementMap":{"0":{"start":{"line":1,"column":0},"end":{"line":1,"column":32}}},"fnMap":{},"branchMap":{},"s":{"0":4},"f":{},"b":{}}
,"/home/matheus/Projects/beat-the-bet-backend/src/middlewares/error.middleware.ts": {"path":"/home/matheus/Projects/beat-the-bet-backend/src/middlewares/error.middleware.ts","statementMap":{"0":{"start":{"line":2,"column":0},"end":{"line":2,"column":41}},"1":{"start":{"line":10,"column":2},"end":{"line":13,"column":null}},"2":{"start":{"line":11,"column":4},"end":{"line":11,"column":11}},"3":{"start":{"line":12,"column":4},"end":{"line":12,"column":11}},"4":{"start":{"line":15,"column":2},"end":{"line":18,"column":null}},"5":{"start":{"line":16,"column":4},"end":{"line":16,"column":41}},"6":{"start":{"line":17,"column":4},"end":{"line":17,"column":11}},"7":{"start":{"line":20,"column":27},"end":{"line":20,"column":48}},"8":{"start":{"line":21,"column":2},"end":{"line":21,"column":61}},"9":{"start":{"line":24,"column":13},"end":{"line":24,"column":42}}},"fnMap":{"0":{"name":"handle","decl":{"start":{"line":4,"column":9},"end":{"line":4,"column":15}},"loc":{"start":{"line":8,"column":20},"end":{"line":22,"column":1}}}},"branchMap":{"0":{"loc":{"start":{"line":10,"column":2},"end":{"line":13,"column":null}},"type":"if","locations":[{"start":{"line":10,"column":2},"end":{"line":13,"column":null}}]},"1":{"loc":{"start":{"line":15,"column":2},"end":{"line":18,"column":null}},"type":"if","locations":[{"start":{"line":15,"column":2},"end":{"line":18,"column":null}}]}},"s":{"0":4,"1":11,"2":0,"3":0,"4":11,"5":11,"6":11,"7":0,"8":0,"9":4},"f":{"0":11},"b":{"0":[0],"1":[11]}}
,"/home/matheus/Projects/beat-the-bet-backend/src/middlewares/index.ts": {"path":"/home/matheus/Projects/beat-the-bet-backend/src/middlewares/index.ts","statementMap":{"0":{"start":{"line":1,"column":0},"end":{"line":1,"column":35}},"1":{"start":{"line":2,"column":0},"end":{"line":2,"column":36}}},"fnMap":{},"branchMap":{},"s":{"0":4,"1":4},"f":{},"b":{}}
,"/home/matheus/Projects/beat-the-bet-backend/src/middlewares/schema.middleware.ts": {"path":"/home/matheus/Projects/beat-the-bet-backend/src/middlewares/schema.middleware.ts","statementMap":{"0":{"start":{"line":2,"column":0},"end":{"line":2,"column":56}},"1":{"start":{"line":8,"column":2},"end":{"line":8,"column":35}},"2":{"start":{"line":12,"column":2},"end":{"line":12,"column":36}},"3":{"start":{"line":16,"column":2},"end":{"line":16,"column":34}},"4":{"start":{"line":23,"column":2},"end":{"line":33,"column":4}},"5":{"start":{"line":24,"column":29},"end":{"line":24,"column":79}},"6":{"start":{"line":26,"column":4},"end":{"line":29,"column":null}},"7":{"start":{"line":27,"column":22},"end":{"line":27,"column":67}},"8":{"start":{"line":27,"column":52},"end":{"line":27,"column":66}},"9":{"start":{"line":28,"column":6},"end":{"line":28,"column":54}},"10":{"start":{"line":31,"column":4},"end":{"line":31,"column":23}},"11":{"start":{"line":32,"column":4},"end":{"line":32,"column":11}},"12":{"start":{"line":36,"column":13},"end":{"line":40,"column":2}}},"fnMap":{"0":{"name":"validateQuery","decl":{"start":{"line":7,"column":9},"end":{"line":7,"column":22}},"loc":{"start":{"line":7,"column":43},"end":{"line":9,"column":1}}},"1":{"name":"validateParams","decl":{"start":{"line":11,"column":9},"end":{"line":11,"column":23}},"loc":{"start":{"line":11,"column":44},"end":{"line":13,"column":1}}},"2":{"name":"validateBody","decl":{"start":{"line":15,"column":9},"end":{"line":15,"column":21}},"loc":{"start":{"line":15,"column":42},"end":{"line":17,"column":1}}},"3":{"name":"validate","decl":{"start":{"line":19,"column":9},"end":{"line":19,"column":17}},"loc":{"start":{"line":21,"column":36},"end":{"line":34,"column":1}}},"4":{"name":"(anonymous_4)","decl":{"start":{"line":23,"column":9},"end":{"line":23,"column":10}},"loc":{"start":{"line":23,"column":29},"end":{"line":33,"column":3}}},"5":{"name":"(anonymous_5)","decl":{"start":{"line":27,"column":40},"end":{"line":27,"column":41}},"loc":{"start":{"line":27,"column":52},"end":{"line":27,"column":66}}}},"branchMap":{"0":{"loc":{"start":{"line":26,"column":4},"end":{"line":29,"column":null}},"type":"if","locations":[{"start":{"line":26,"column":4},"end":{"line":29,"column":null}}]},"1":{"loc":{"start":{"line":26,"column":8},"end":{"line":26,"column":41}},"type":"binary-expr","locations":[{"start":{"line":26,"column":8},"end":{"line":26,"column":13}},{"start":{"line":26,"column":17},"end":{"line":26,"column":41}}]}},"s":{"0":4,"1":0,"2":0,"3":16,"4":16,"5":14,"6":14,"7":3,"8":5,"9":3,"10":11,"11":11,"12":4},"f":{"0":0,"1":0,"2":16,"3":16,"4":14,"5":5},"b":{"0":[3],"1":[14,3]}}
,"/home/matheus/Projects/beat-the-bet-backend/src/repositories/bet.repository.ts": {"path":"/home/matheus/Projects/beat-the-bet-backend/src/repositories/bet.repository.ts","statementMap":{"0":{"start":{"line":1,"column":0},"end":{"line":1,"column":30}},"1":{"start":{"line":5,"column":2},"end":{"line":5,"column":42}},"2":{"start":{"line":9,"column":2},"end":{"line":9,"column":57}},"3":{"start":{"line":13,"column":2},"end":{"line":13,"column":52}},"4":{"start":{"line":16,"column":13},"end":{"line":16,"column":62}}},"fnMap":{"0":{"name":"create","decl":{"start":{"line":4,"column":9},"end":{"line":4,"column":15}},"loc":{"start":{"line":4,"column":33},"end":{"line":6,"column":1}}},"1":{"name":"update","decl":{"start":{"line":8,"column":9},"end":{"line":8,"column":15}},"loc":{"start":{"line":8,"column":45},"end":{"line":10,"column":1}}},"2":{"name":"findByGameId","decl":{"start":{"line":12,"column":9},"end":{"line":12,"column":21}},"loc":{"start":{"line":12,"column":36},"end":{"line":14,"column":1}}}},"branchMap":{},"s":{"0":4,"1":1,"2":50,"3":1,"4":4},"f":{"0":1,"1":50,"2":1},"b":{}}
,"/home/matheus/Projects/beat-the-bet-backend/src/repositories/game.repository.ts": {"path":"/home/matheus/Projects/beat-the-bet-backend/src/repositories/game.repository.ts","statementMap":{"0":{"start":{"line":1,"column":0},"end":{"line":1,"column":30}},"1":{"start":{"line":5,"column":2},"end":{"line":5,"column":34}},"2":{"start":{"line":9,"column":2},"end":{"line":12,"column":5}},"3":{"start":{"line":16,"column":2},"end":{"line":19,"column":5}},"4":{"start":{"line":23,"column":2},"end":{"line":23,"column":53}},"5":{"start":{"line":26,"column":13},"end":{"line":26,"column":68}}},"fnMap":{"0":{"name":"findAll","decl":{"start":{"line":4,"column":9},"end":{"line":4,"column":16}},"loc":{"start":{"line":4,"column":16},"end":{"line":6,"column":1}}},"1":{"name":"findById","decl":{"start":{"line":8,"column":9},"end":{"line":8,"column":17}},"loc":{"start":{"line":8,"column":28},"end":{"line":13,"column":1}}},"2":{"name":"update","decl":{"start":{"line":15,"column":9},"end":{"line":15,"column":15}},"loc":{"start":{"line":15,"column":76},"end":{"line":20,"column":1}}},"3":{"name":"create","decl":{"start":{"line":22,"column":9},"end":{"line":22,"column":15}},"loc":{"start":{"line":22,"column":44},"end":{"line":24,"column":1}}}},"branchMap":{"0":{"loc":{"start":{"line":15,"column":58},"end":{"line":15,"column":76}},"type":"default-arg","locations":[{"start":{"line":15,"column":71},"end":{"line":15,"column":76}}]}},"s":{"0":4,"1":1,"2":8,"3":1,"4":1,"5":4},"f":{"0":1,"1":8,"2":1,"3":1},"b":{"0":[0]}}
,"/home/matheus/Projects/beat-the-bet-backend/src/repositories/index.ts": {"path":"/home/matheus/Projects/beat-the-bet-backend/src/repositories/index.ts","statementMap":{"0":{"start":{"line":1,"column":0},"end":{"line":1,"column":33}},"1":{"start":{"line":2,"column":0},"end":{"line":2,"column":34}},"2":{"start":{"line":3,"column":0},"end":{"line":3,"column":41}}},"fnMap":{},"branchMap":{},"s":{"0":4,"1":4,"2":4},"f":{},"b":{}}
,"/home/matheus/Projects/beat-the-bet-backend/src/repositories/participant.repository.ts": {"path":"/home/matheus/Projects/beat-the-bet-backend/src/repositories/participant.repository.ts","statementMap":{"0":{"start":{"line":1,"column":0},"end":{"line":1,"column":30}},"1":{"start":{"line":5,"column":2},"end":{"line":5,"column":41}},"2":{"start":{"line":9,"column":2},"end":{"line":9,"column":67}},"3":{"start":{"line":13,"column":2},"end":{"line":13,"column":58}},"4":{"start":{"line":17,"column":2},"end":{"line":20,"column":5}},"5":{"start":{"line":23,"column":13},"end":{"line":23,"column":75}}},"fnMap":{"0":{"name":"findAll","decl":{"start":{"line":4,"column":9},"end":{"line":4,"column":16}},"loc":{"start":{"line":4,"column":16},"end":{"line":6,"column":1}}},"1":{"name":"create","decl":{"start":{"line":8,"column":9},"end":{"line":8,"column":15}},"loc":{"start":{"line":8,"column":58},"end":{"line":10,"column":1}}},"2":{"name":"findById","decl":{"start":{"line":12,"column":9},"end":{"line":12,"column":17}},"loc":{"start":{"line":12,"column":28},"end":{"line":14,"column":1}}},"3":{"name":"update","decl":{"start":{"line":16,"column":9},"end":{"line":16,"column":15}},"loc":{"start":{"line":16,"column":70},"end":{"line":21,"column":1}}}},"branchMap":{},"s":{"0":4,"1":1,"2":1,"3":20,"4":15,"5":4},"f":{"0":1,"1":1,"2":20,"3":15},"b":{}}
,"/home/matheus/Projects/beat-the-bet-backend/src/routers/bet.router.ts": {"path":"/home/matheus/Projects/beat-the-bet-backend/src/routers/bet.router.ts","statementMap":{"0":{"start":{"line":1,"column":0},"end":{"line":1,"column":33}},"1":{"start":{"line":2,"column":0},"end":{"line":2,"column":49}},"2":{"start":{"line":3,"column":0},"end":{"line":3,"column":41}},"3":{"start":{"line":4,"column":0},"end":{"line":4,"column":46}},"4":{"start":{"line":6,"column":13},"end":{"line":10,"column":2}}},"fnMap":{},"branchMap":{},"s":{"0":4,"1":4,"2":4,"3":4,"4":4},"f":{},"b":{}}
,"/home/matheus/Projects/beat-the-bet-backend/src/routers/game.router.ts": {"path":"/home/matheus/Projects/beat-the-bet-backend/src/routers/game.router.ts","statementMap":{"0":{"start":{"line":1,"column":0},"end":{"line":1,"column":33}},"1":{"start":{"line":2,"column":0},"end":{"line":2,"column":49}},"2":{"start":{"line":3,"column":0},"end":{"line":3,"column":60}},"3":{"start":{"line":4,"column":0},"end":{"line":4,"column":47}},"4":{"start":{"line":6,"column":13},"end":{"line":18,"column":36}}},"fnMap":{},"branchMap":{},"s":{"0":4,"1":4,"2":4,"3":4,"4":4},"f":{},"b":{}}
,"/home/matheus/Projects/beat-the-bet-backend/src/routers/index.ts": {"path":"/home/matheus/Projects/beat-the-bet-backend/src/routers/index.ts","statementMap":{"0":{"start":{"line":1,"column":0},"end":{"line":1,"column":29}},"1":{"start":{"line":2,"column":0},"end":{"line":2,"column":30}},"2":{"start":{"line":3,"column":0},"end":{"line":3,"column":37}}},"fnMap":{},"branchMap":{},"s":{"0":4,"1":4,"2":4},"f":{},"b":{}}
,"/home/matheus/Projects/beat-the-bet-backend/src/routers/participant.router.ts": {"path":"/home/matheus/Projects/beat-the-bet-backend/src/routers/participant.router.ts","statementMap":{"0":{"start":{"line":1,"column":0},"end":{"line":1,"column":33}},"1":{"start":{"line":2,"column":0},"end":{"line":2,"column":49}},"2":{"start":{"line":3,"column":0},"end":{"line":3,"column":49}},"3":{"start":{"line":4,"column":0},"end":{"line":4,"column":54}},"4":{"start":{"line":6,"column":13},"end":{"line":12,"column":43}}},"fnMap":{},"branchMap":{},"s":{"0":4,"1":4,"2":4,"3":4,"4":4},"f":{},"b":{}}
,"/home/matheus/Projects/beat-the-bet-backend/src/services/bet.service.ts": {"path":"/home/matheus/Projects/beat-the-bet-backend/src/services/bet.service.ts","statementMap":{"0":{"start":{"line":2,"column":0},"end":{"line":2,"column":61}},"1":{"start":{"line":3,"column":0},"end":{"line":3,"column":46}},"2":{"start":{"line":4,"column":0},"end":{"line":4,"column":47}},"3":{"start":{"line":7,"column":17},"end":{"line":7,"column":20}},"4":{"start":{"line":10,"column":36},"end":{"line":10,"column":39}},"5":{"start":{"line":12,"column":22},"end":{"line":12,"column":77}},"6":{"start":{"line":13,"column":2},"end":{"line":13,"column":74}},"7":{"start":{"line":13,"column":43},"end":{"line":13,"column":74}},"8":{"start":{"line":15,"column":15},"end":{"line":15,"column":56}},"9":{"start":{"line":16,"column":2},"end":{"line":16,"column":54}},"10":{"start":{"line":16,"column":23},"end":{"line":16,"column":54}},"11":{"start":{"line":18,"column":2},"end":{"line":18,"column":74}},"12":{"start":{"line":19,"column":2},"end":{"line":19,"column":35}},"13":{"start":{"line":23,"column":43},"end":{"line":23,"column":47}},"14":{"start":{"line":24,"column":2},"end":{"line":28,"column":4}},"15":{"start":{"line":26,"column":6},"end":{"line":27,"column":41}},"16":{"start":{"line":32,"column":43},"end":{"line":32,"column":47}},"17":{"start":{"line":33,"column":2},"end":{"line":37,"column":4}},"18":{"start":{"line":35,"column":6},"end":{"line":36,"column":41}},"19":{"start":{"line":41,"column":2},"end":{"line":41,"column":63}},"20":{"start":{"line":41,"column":37},"end":{"line":41,"column":58}},"21":{"start":{"line":49,"column":14},"end":{"line":49,"column":26}},"22":{"start":{"line":50,"column":2},"end":{"line":50,"column":68}},"23":{"start":{"line":54,"column":2},"end":{"line":54,"column":68}},"24":{"start":{"line":62,"column":2},"end":{"line":62,"column":70}},"25":{"start":{"line":63,"column":2},"end":{"line":63,"column":64}},"26":{"start":{"line":67,"column":21},"end":{"line":67,"column":40}},"27":{"start":{"line":68,"column":20},"end":{"line":68,"column":47}},"28":{"start":{"line":69,"column":21},"end":{"line":69,"column":49}},"29":{"start":{"line":70,"column":24},"end":{"line":70,"column":49}},"30":{"start":{"line":72,"column":2},"end":{"line":77,"column":4}},"31":{"start":{"line":81,"column":15},"end":{"line":81,"column":56}},"32":{"start":{"line":83,"column":63},"end":{"line":85,"column":null}},"33":{"start":{"line":88,"column":35},"end":{"line":88,"column":37}},"34":{"start":{"line":90,"column":2},"end":{"line":90,"column":68}},"35":{"start":{"line":90,"column":29},"end":{"line":90,"column":66}},"36":{"start":{"line":91,"column":2},"end":{"line":94,"column":5}},"37":{"start":{"line":92,"column":22},"end":{"line":92,"column":77}},"38":{"start":{"line":93,"column":4},"end":{"line":93,"column":73}},"39":{"start":{"line":96,"column":2},"end":{"line":96,"column":31}},"40":{"start":{"line":99,"column":13},"end":{"line":104,"column":2}}},"fnMap":{"0":{"name":"create","decl":{"start":{"line":9,"column":15},"end":{"line":9,"column":21}},"loc":{"start":{"line":9,"column":39},"end":{"line":20,"column":1}}},"1":{"name":"filterWinnerBets","decl":{"start":{"line":22,"column":9},"end":{"line":22,"column":25}},"loc":{"start":{"line":22,"column":49},"end":{"line":29,"column":1}}},"2":{"name":"(anonymous_2)","decl":{"start":{"line":25,"column":4},"end":{"line":25,"column":5}},"loc":{"start":{"line":26,"column":6},"end":{"line":27,"column":41}}},"3":{"name":"filterLoserBets","decl":{"start":{"line":31,"column":9},"end":{"line":31,"column":24}},"loc":{"start":{"line":31,"column":48},"end":{"line":38,"column":1}}},"4":{"name":"(anonymous_4)","decl":{"start":{"line":34,"column":4},"end":{"line":34,"column":5}},"loc":{"start":{"line":35,"column":6},"end":{"line":36,"column":41}}},"5":{"name":"sumAmountBets","decl":{"start":{"line":40,"column":9},"end":{"line":40,"column":22}},"loc":{"start":{"line":40,"column":34},"end":{"line":42,"column":1}}},"6":{"name":"(anonymous_6)","decl":{"start":{"line":41,"column":21},"end":{"line":41,"column":22}},"loc":{"start":{"line":41,"column":37},"end":{"line":41,"column":58}}},"7":{"name":"calcAmountWon","decl":{"start":{"line":44,"column":9},"end":{"line":44,"column":22}},"loc":{"start":{"line":47,"column":20},"end":{"line":51,"column":1}}},"8":{"name":"updateLoserBet","decl":{"start":{"line":53,"column":15},"end":{"line":53,"column":29}},"loc":{"start":{"line":53,"column":40},"end":{"line":55,"column":1}}},"9":{"name":"updateWinnerBet","decl":{"start":{"line":57,"column":15},"end":{"line":57,"column":30}},"loc":{"start":{"line":60,"column":19},"end":{"line":64,"column":1}}},"10":{"name":"gameBetsResume","decl":{"start":{"line":66,"column":9},"end":{"line":66,"column":23}},"loc":{"start":{"line":66,"column":47},"end":{"line":78,"column":1}}},"11":{"name":"finishGameBets","decl":{"start":{"line":80,"column":15},"end":{"line":80,"column":29}},"loc":{"start":{"line":80,"column":40},"end":{"line":97,"column":1}}},"12":{"name":"(anonymous_12)","decl":{"start":{"line":90,"column":20},"end":{"line":90,"column":21}},"loc":{"start":{"line":90,"column":29},"end":{"line":90,"column":66}}},"13":{"name":"(anonymous_13)","decl":{"start":{"line":91,"column":21},"end":{"line":91,"column":22}},"loc":{"start":{"line":91,"column":29},"end":{"line":94,"column":3}}}},"branchMap":{"0":{"loc":{"start":{"line":13,"column":2},"end":{"line":13,"column":74}},"type":"if","locations":[{"start":{"line":13,"column":2},"end":{"line":13,"column":74}}]},"1":{"loc":{"start":{"line":16,"column":2},"end":{"line":16,"column":54}},"type":"if","locations":[{"start":{"line":16,"column":2},"end":{"line":16,"column":54}}]},"2":{"loc":{"start":{"line":26,"column":6},"end":{"line":27,"column":41}},"type":"binary-expr","locations":[{"start":{"line":26,"column":6},"end":{"line":26,"column":41}},{"start":{"line":27,"column":6},"end":{"line":27,"column":41}}]},"3":{"loc":{"start":{"line":35,"column":6},"end":{"line":36,"column":41}},"type":"binary-expr","locations":[{"start":{"line":35,"column":6},"end":{"line":35,"column":41}},{"start":{"line":36,"column":6},"end":{"line":36,"column":41}}]}},"s":{"0":4,"1":4,"2":4,"3":4,"4":5,"5":5,"6":4,"7":1,"8":3,"9":2,"10":1,"11":1,"12":1,"13":3,"14":3,"15":201,"16":3,"17":3,"18":201,"19":6,"20":264,"21":28,"22":28,"23":36,"24":14,"25":14,"26":3,"27":3,"28":3,"29":3,"30":3,"31":1,"32":1,"33":1,"34":1,"35":36,"36":1,"37":14,"38":14,"39":1,"40":4},"f":{"0":5,"1":3,"2":201,"3":3,"4":201,"5":6,"6":264,"7":28,"8":36,"9":14,"10":3,"11":1,"12":36,"13":14},"b":{"0":[1],"1":[1],"2":[201,63],"3":[201,63]}}
,"/home/matheus/Projects/beat-the-bet-backend/src/services/game.service.ts": {"path":"/home/matheus/Projects/beat-the-bet-backend/src/services/game.service.ts","statementMap":{"0":{"start":{"line":2,"column":0},"end":{"line":2,"column":65}},"1":{"start":{"line":3,"column":0},"end":{"line":3,"column":48}},"2":{"start":{"line":4,"column":0},"end":{"line":4,"column":31}},"3":{"start":{"line":7,"column":2},"end":{"line":7,"column":37}},"4":{"start":{"line":11,"column":20},"end":{"line":11,"column":45}},"5":{"start":{"line":12,"column":2},"end":{"line":12,"column":59}},"6":{"start":{"line":12,"column":28},"end":{"line":12,"column":59}},"7":{"start":{"line":13,"column":22},"end":{"line":13,"column":65}},"8":{"start":{"line":14,"column":2},"end":{"line":14,"column":47}},"9":{"start":{"line":15,"column":2},"end":{"line":15,"column":21}},"10":{"start":{"line":19,"column":2},"end":{"line":19,"column":34}},"11":{"start":{"line":23,"column":15},"end":{"line":23,"column":48}},"12":{"start":{"line":24,"column":2},"end":{"line":24,"column":43}},"13":{"start":{"line":24,"column":13},"end":{"line":24,"column":43}},"14":{"start":{"line":25,"column":2},"end":{"line":25,"column":14}},"15":{"start":{"line":28,"column":13},"end":{"line":33,"column":2}}},"fnMap":{"0":{"name":"create","decl":{"start":{"line":6,"column":15},"end":{"line":6,"column":21}},"loc":{"start":{"line":6,"column":41},"end":{"line":8,"column":1}}},"1":{"name":"finishGame","decl":{"start":{"line":10,"column":15},"end":{"line":10,"column":25}},"loc":{"start":{"line":10,"column":57},"end":{"line":16,"column":1}}},"2":{"name":"findAll","decl":{"start":{"line":18,"column":15},"end":{"line":18,"column":22}},"loc":{"start":{"line":18,"column":22},"end":{"line":20,"column":1}}},"3":{"name":"findByIdOrThrow","decl":{"start":{"line":22,"column":15},"end":{"line":22,"column":30}},"loc":{"start":{"line":22,"column":41},"end":{"line":26,"column":1}}}},"branchMap":{"0":{"loc":{"start":{"line":12,"column":2},"end":{"line":12,"column":59}},"type":"if","locations":[{"start":{"line":12,"column":2},"end":{"line":12,"column":59}}]},"1":{"loc":{"start":{"line":24,"column":2},"end":{"line":24,"column":43}},"type":"if","locations":[{"start":{"line":24,"column":2},"end":{"line":24,"column":43}}]}},"s":{"0":4,"1":4,"2":4,"3":1,"4":3,"5":2,"6":1,"7":1,"8":1,"9":1,"10":1,"11":8,"12":8,"13":3,"14":5,"15":4},"f":{"0":1,"1":3,"2":1,"3":8},"b":{"0":[1],"1":[3]}}
,"/home/matheus/Projects/beat-the-bet-backend/src/services/index.ts": {"path":"/home/matheus/Projects/beat-the-bet-backend/src/services/index.ts","statementMap":{"0":{"start":{"line":1,"column":0},"end":{"line":1,"column":30}},"1":{"start":{"line":2,"column":0},"end":{"line":2,"column":31}},"2":{"start":{"line":3,"column":0},"end":{"line":3,"column":38}}},"fnMap":{},"branchMap":{},"s":{"0":4,"1":4,"2":4},"f":{},"b":{}}
,"/home/matheus/Projects/beat-the-bet-backend/src/services/participant.service.ts": {"path":"/home/matheus/Projects/beat-the-bet-backend/src/services/participant.service.ts","statementMap":{"0":{"start":{"line":2,"column":0},"end":{"line":2,"column":65}},"1":{"start":{"line":3,"column":0},"end":{"line":3,"column":55}},"2":{"start":{"line":5,"column":20},"end":{"line":5,"column":24}},"3":{"start":{"line":8,"column":2},"end":{"line":8,"column":72}},"4":{"start":{"line":8,"column":41},"end":{"line":8,"column":72}},"5":{"start":{"line":9,"column":2},"end":{"line":9,"column":51}},"6":{"start":{"line":13,"column":2},"end":{"line":13,"column":41}},"7":{"start":{"line":17,"column":22},"end":{"line":17,"column":62}},"8":{"start":{"line":18,"column":2},"end":{"line":18,"column":50}},"9":{"start":{"line":18,"column":20},"end":{"line":18,"column":50}},"10":{"start":{"line":19,"column":2},"end":{"line":19,"column":21}},"11":{"start":{"line":23,"column":22},"end":{"line":23,"column":47}},"12":{"start":{"line":24,"column":2},"end":{"line":24,"column":67}},"13":{"start":{"line":24,"column":36},"end":{"line":24,"column":67}},"14":{"start":{"line":25,"column":2},"end":{"line":27,"column":5}},"15":{"start":{"line":31,"column":22},"end":{"line":31,"column":47}},"16":{"start":{"line":32,"column":2},"end":{"line":34,"column":5}},"17":{"start":{"line":37,"column":13},"end":{"line":43,"column":2}}},"fnMap":{"0":{"name":"create","decl":{"start":{"line":7,"column":15},"end":{"line":7,"column":21}},"loc":{"start":{"line":7,"column":55},"end":{"line":10,"column":1}}},"1":{"name":"findAll","decl":{"start":{"line":12,"column":15},"end":{"line":12,"column":22}},"loc":{"start":{"line":12,"column":22},"end":{"line":14,"column":1}}},"2":{"name":"findByIdOrThrow","decl":{"start":{"line":16,"column":15},"end":{"line":16,"column":30}},"loc":{"start":{"line":16,"column":41},"end":{"line":20,"column":1}}},"3":{"name":"decrementBalance","decl":{"start":{"line":22,"column":15},"end":{"line":22,"column":31}},"loc":{"start":{"line":22,"column":58},"end":{"line":28,"column":1}}},"4":{"name":"incrementBalance","decl":{"start":{"line":30,"column":15},"end":{"line":30,"column":31}},"loc":{"start":{"line":30,"column":58},"end":{"line":35,"column":1}}}},"branchMap":{"0":{"loc":{"start":{"line":8,"column":2},"end":{"line":8,"column":72}},"type":"if","locations":[{"start":{"line":8,"column":2},"end":{"line":8,"column":72}}]},"1":{"loc":{"start":{"line":18,"column":2},"end":{"line":18,"column":50}},"type":"if","locations":[{"start":{"line":18,"column":2},"end":{"line":18,"column":50}}]},"2":{"loc":{"start":{"line":24,"column":2},"end":{"line":24,"column":67}},"type":"if","locations":[{"start":{"line":24,"column":2},"end":{"line":24,"column":67}}]}},"s":{"0":4,"1":4,"2":4,"3":2,"4":1,"5":1,"6":1,"7":20,"8":20,"9":1,"10":19,"11":1,"12":1,"13":0,"14":1,"15":14,"16":14,"17":4},"f":{"0":2,"1":1,"2":20,"3":1,"4":14},"b":{"0":[1],"1":[1],"2":[0]}}
,"/home/matheus/Projects/beat-the-bet-backend/src/utils/number.utils.ts": {"path":"/home/matheus/Projects/beat-the-bet-backend/src/utils/number.utils.ts","statementMap":{"0":{"start":{"line":1,"column":0},"end":{"line":1,"column":56}},"1":{"start":{"line":4,"column":14},"end":{"line":4,"column":24}},"2":{"start":{"line":5,"column":2},"end":{"line":7,"column":null}},"3":{"start":{"line":6,"column":4},"end":{"line":6,"column":60}},"4":{"start":{"line":8,"column":2},"end":{"line":8,"column":13}},"5":{"start":{"line":3,"column":0},"end":{"line":3,"column":16}}},"fnMap":{"0":{"name":"validateIdOrThrow","decl":{"start":{"line":3,"column":16},"end":{"line":3,"column":33}},"loc":{"start":{"line":3,"column":53},"end":{"line":9,"column":1}}}},"branchMap":{"0":{"loc":{"start":{"line":5,"column":2},"end":{"line":7,"column":null}},"type":"if","locations":[{"start":{"line":5,"column":2},"end":{"line":7,"column":null}}]},"1":{"loc":{"start":{"line":5,"column":6},"end":{"line":5,"column":27}},"type":"binary-expr","locations":[{"start":{"line":5,"column":6},"end":{"line":5,"column":16}},{"start":{"line":5,"column":20},"end":{"line":5,"column":27}}]}},"s":{"0":4,"1":5,"2":5,"3":0,"4":5,"5":4},"f":{"0":5},"b":{"0":[0],"1":[5,5]}}
}
