TN:
SF:src/app.ts
FN:15,(anonymous_1)
FNF:1
FNH:1
FNDA:1,(anonymous_1)
DA:1,4
DA:2,4
DA:3,4
DA:4,4
DA:5,4
DA:7,4
DA:9,4
DA:15,1
DA:18,4
LF:9
LH:9
BRF:0
BRH:0
end_of_record
TN:
SF:src/index.ts
FN:4,(anonymous_1)
FNF:1
FNH:0
FNDA:0,(anonymous_1)
DA:1,0
DA:3,0
DA:4,0
LF:3
LH:0
BRDA:3,0,0,0
BRDA:3,0,1,0
BRF:2
BRH:0
end_of_record
TN:
SF:src/controllers/bet.controller.ts
FN:6,create
FNF:1
FNH:1
FNDA:5,create
DA:3,4
DA:4,4
DA:7,5
DA:8,5
DA:11,4
LF:5
LH:5
BRF:0
BRH:0
end_of_record
TN:
SF:src/controllers/game.controller.ts
FN:7,create
FN:12,findAll
FN:16,findById
FN:21,finishGame
FNF:4
FNH:4
FNDA:1,create
FNDA:1,findAll
FNDA:2,findById
FNDA:3,finishGame
DA:3,4
DA:4,4
DA:5,4
DA:8,1
DA:9,1
DA:13,1
DA:17,2
DA:18,2
DA:22,3
DA:23,3
DA:24,3
DA:27,4
LF:12
LH:12
BRF:0
BRH:0
end_of_record
TN:
SF:src/controllers/index.ts
FNF:0
FNH:0
DA:1,4
DA:2,4
DA:3,4
LF:3
LH:3
BRF:0
BRH:0
end_of_record
TN:
SF:src/controllers/participant.controller.ts
FN:6,create
FN:13,findAll
FNF:2
FNH:2
FNDA:2,create
FNDA:1,findAll
DA:3,4
DA:4,4
DA:7,2
DA:8,2
DA:14,1
DA:17,4
LF:6
LH:6
BRF:0
BRH:0
end_of_record
TN:
SF:src/db/index.ts
FNF:0
FNH:0
DA:1,4
DA:3,4
LF:2
LH:2
BRF:0
BRH:0
end_of_record
TN:
SF:src/dtos/bet.dto.ts
FNF:0
FNH:0
DA:2,4
DA:17,4
LF:2
LH:2
BRF:0
BRH:0
end_of_record
TN:
SF:src/dtos/game.dto.ts
FNF:0
FNH:0
DA:1,4
DA:8,4
DA:18,4
LF:3
LH:3
BRF:0
BRH:0
end_of_record
TN:
SF:src/dtos/index.ts
FNF:0
FNH:0
DA:1,4
DA:2,4
DA:3,4
LF:3
LH:3
BRF:0
BRH:0
end_of_record
TN:
SF:src/dtos/participant.dto.ts
FNF:0
FNH:0
DA:1,4
DA:10,4
LF:2
LH:2
BRF:0
BRH:0
end_of_record
TN:
SF:src/errors/custom.errors.ts
FN:16,(anonymous_1)
FN:24,(anonymous_2)
FN:30,(anonymous_3)
FN:36,(anonymous_4)
FNF:4
FNH:4
FNDA:11,(anonymous_1)
FNDA:4,(anonymous_2)
FNDA:3,(anonymous_3)
FNDA:4,(anonymous_4)
DA:1,4
DA:11,4
DA:17,11
DA:18,11
DA:19,11
DA:23,4
DA:25,4
DA:29,4
DA:31,3
DA:35,4
DA:37,4
LF:11
LH:11
BRDA:17,0,0,11
BRDA:17,0,1,0
BRDA:19,1,0,11
BRDA:19,1,1,8
BRF:4
BRH:3
end_of_record
TN:
SF:src/errors/index.ts
FNF:0
FNH:0
DA:1,4
LF:1
LH:1
BRF:0
BRH:0
end_of_record
TN:
SF:src/middlewares/error.middleware.ts
FN:4,handle
FNF:1
FNH:1
FNDA:11,handle
DA:2,4
DA:10,11
DA:11,0
DA:12,0
DA:15,11
DA:16,11
DA:17,11
DA:20,0
DA:21,0
DA:24,4
LF:10
LH:6
BRDA:10,0,0,0
BRDA:15,1,0,11
BRF:2
BRH:1
end_of_record
TN:
SF:src/middlewares/index.ts
FNF:0
FNH:0
DA:1,4
DA:2,4
LF:2
LH:2
BRF:0
BRH:0
end_of_record
TN:
SF:src/middlewares/schema.middleware.ts
FN:7,validateQuery
FN:11,validateParams
FN:15,validateBody
FN:19,validate
FN:23,(anonymous_4)
FN:27,(anonymous_5)
FNF:6
FNH:4
FNDA:0,validateQuery
FNDA:0,validateParams
FNDA:16,validateBody
FNDA:16,validate
FNDA:14,(anonymous_4)
FNDA:5,(anonymous_5)
DA:2,4
DA:8,0
DA:12,0
DA:16,16
DA:23,16
DA:24,14
DA:26,14
DA:27,5
DA:28,3
DA:31,11
DA:32,11
DA:36,4
LF:12
LH:10
BRDA:26,0,0,3
BRDA:26,1,0,14
BRDA:26,1,1,3
BRF:3
BRH:3
end_of_record
TN:
SF:src/repositories/bet.repository.ts
FN:4,create
FN:8,update
FN:12,findByGameId
FNF:3
FNH:3
FNDA:1,create
FNDA:50,update
FNDA:1,findByGameId
DA:1,4
DA:5,1
DA:9,50
DA:13,1
DA:16,4
LF:5
LH:5
BRF:0
BRH:0
end_of_record
TN:
SF:src/repositories/game.repository.ts
FN:4,findAll
FN:8,findById
FN:15,update
FN:22,create
FNF:4
FNH:4
FNDA:1,findAll
FNDA:8,findById
FNDA:1,update
FNDA:1,create
DA:1,4
DA:5,1
DA:9,8
DA:16,1
DA:23,1
DA:26,4
LF:6
LH:6
BRDA:15,0,0,0
BRF:1
BRH:0
end_of_record
TN:
SF:src/repositories/index.ts
FNF:0
FNH:0
DA:1,4
DA:2,4
DA:3,4
LF:3
LH:3
BRF:0
BRH:0
end_of_record
TN:
SF:src/repositories/participant.repository.ts
FN:4,findAll
FN:8,create
FN:12,findById
FN:16,update
FNF:4
FNH:4
FNDA:1,findAll
FNDA:1,create
FNDA:20,findById
FNDA:15,update
DA:1,4
DA:5,1
DA:9,1
DA:13,20
DA:17,15
DA:23,4
LF:6
LH:6
BRF:0
BRH:0
end_of_record
TN:
SF:src/routers/bet.router.ts
FNF:0
FNH:0
DA:1,4
DA:2,4
DA:3,4
DA:4,4
DA:6,4
LF:5
LH:5
BRF:0
BRH:0
end_of_record
TN:
SF:src/routers/game.router.ts
FNF:0
FNH:0
DA:1,4
DA:2,4
DA:3,4
DA:4,4
DA:6,4
LF:5
LH:5
BRF:0
BRH:0
end_of_record
TN:
SF:src/routers/index.ts
FNF:0
FNH:0
DA:1,4
DA:2,4
DA:3,4
LF:3
LH:3
BRF:0
BRH:0
end_of_record
TN:
SF:src/routers/participant.router.ts
FNF:0
FNH:0
DA:1,4
DA:2,4
DA:3,4
DA:4,4
DA:6,4
LF:5
LH:5
BRF:0
BRH:0
end_of_record
TN:
SF:src/services/bet.service.ts
FN:9,create
FN:22,filterWinnerBets
FN:25,(anonymous_2)
FN:31,filterLoserBets
FN:34,(anonymous_4)
FN:40,sumAmountBets
FN:41,(anonymous_6)
FN:44,calcAmountWon
FN:53,updateLoserBet
FN:57,updateWinnerBet
FN:66,gameBetsResume
FN:80,finishGameBets
FN:90,(anonymous_12)
FN:91,(anonymous_13)
FNF:14
FNH:14
FNDA:5,create
FNDA:3,filterWinnerBets
FNDA:201,(anonymous_2)
FNDA:3,filterLoserBets
FNDA:201,(anonymous_4)
FNDA:6,sumAmountBets
FNDA:264,(anonymous_6)
FNDA:28,calcAmountWon
FNDA:36,updateLoserBet
FNDA:14,updateWinnerBet
FNDA:3,gameBetsResume
FNDA:1,finishGameBets
FNDA:36,(anonymous_12)
FNDA:14,(anonymous_13)
DA:2,4
DA:3,4
DA:4,4
DA:7,4
DA:10,5
DA:12,5
DA:13,4
DA:15,3
DA:16,2
DA:18,1
DA:19,1
DA:23,3
DA:24,3
DA:26,201
DA:32,3
DA:33,3
DA:35,201
DA:41,264
DA:49,28
DA:50,28
DA:54,36
DA:62,14
DA:63,14
DA:67,3
DA:68,3
DA:69,3
DA:70,3
DA:72,3
DA:81,1
DA:83,1
DA:88,1
DA:90,36
DA:91,1
DA:92,14
DA:93,14
DA:96,1
DA:99,4
LF:37
LH:37
BRDA:13,0,0,1
BRDA:16,1,0,1
BRDA:26,2,0,201
BRDA:26,2,1,63
BRDA:35,3,0,201
BRDA:35,3,1,63
BRF:6
BRH:6
end_of_record
TN:
SF:src/services/game.service.ts
FN:6,create
FN:10,finishGame
FN:18,findAll
FN:22,findByIdOrThrow
FNF:4
FNH:4
FNDA:1,create
FNDA:3,finishGame
FNDA:1,findAll
FNDA:8,findByIdOrThrow
DA:2,4
DA:3,4
DA:4,4
DA:7,1
DA:11,3
DA:12,2
DA:13,1
DA:14,1
DA:15,1
DA:19,1
DA:23,8
DA:24,8
DA:25,5
DA:28,4
LF:14
LH:14
BRDA:12,0,0,1
BRDA:24,1,0,3
BRF:2
BRH:2
end_of_record
TN:
SF:src/services/index.ts
FNF:0
FNH:0
DA:1,4
DA:2,4
DA:3,4
LF:3
LH:3
BRF:0
BRH:0
end_of_record
TN:
SF:src/services/participant.service.ts
FN:7,create
FN:12,findAll
FN:16,findByIdOrThrow
FN:22,decrementBalance
FN:30,incrementBalance
FNF:5
FNH:5
FNDA:2,create
FNDA:1,findAll
FNDA:20,findByIdOrThrow
FNDA:1,decrementBalance
FNDA:14,incrementBalance
DA:2,4
DA:3,4
DA:5,4
DA:8,2
DA:9,1
DA:13,1
DA:17,20
DA:18,20
DA:19,19
DA:23,1
DA:24,1
DA:25,1
DA:31,14
DA:32,14
DA:37,4
LF:15
LH:15
BRDA:8,0,0,1
BRDA:18,1,0,1
BRDA:24,2,0,0
BRF:3
BRH:2
end_of_record
TN:
SF:src/utils/number.utils.ts
FN:3,validateIdOrThrow
FNF:1
FNH:1
FNDA:5,validateIdOrThrow
DA:1,4
DA:3,4
DA:4,5
DA:5,5
DA:6,0
DA:8,5
LF:6
LH:5
BRDA:5,0,0,0
BRDA:5,1,0,5
BRDA:5,1,1,5
BRF:3
BRH:2
end_of_record
